This file contains any messages produced by compilers while
running configure, to aid debugging if configure makes a mistake.

It was created by configure, which was
generated by GNU Autoconf 2.61.  Invocation command line was

  $ ./configure --host=aarch64-linux-gnu CFLAGS=-O2 -g -Wall -DLS1043 -I/opt/vyos-dev/ask-sysroot/usr/include -I/root/vyos-ls1046a-build/ASK/auto_bridge/include -I/root/vyos-ls1046a-build/ASK/cmm/src LDFLAGS=-L/opt/vyos-dev/ask-sysroot/usr/lib -L/usr/lib/aarch64-linux-gnu LIBNFCONNTRACK_CFLAGS=-I/opt/vyos-dev/ask-sysroot/usr/include LIBNFCONNTRACK_LIBS=-L/opt/vyos-dev/ask-sysroot/usr/lib -lnetfilter_conntrack -lnfnetlink --prefix=/usr

## --------- ##
## Platform. ##
## --------- ##

hostname = vyos-builder
uname -m = x86_64
uname -r = 6.8.12-13-pve
uname -s = Linux
uname -v = #1 SMP PREEMPT_DYNAMIC PMX 6.8.12-13 (2025-07-22T10:00Z)

/usr/bin/uname -p = unknown
/bin/uname -X     = unknown

/bin/arch              = x86_64
/usr/bin/arch -k       = unknown
/usr/convex/getsysinfo = unknown
/usr/bin/hostinfo      = unknown
/bin/machine           = unknown
/usr/bin/oslevel       = unknown
/bin/universe          = unknown

PATH: /root/.local/bin
PATH: /root/.local/bin
PATH: /usr/local/sbin
PATH: /usr/local/bin
PATH: /usr/sbin
PATH: /usr/bin
PATH: /sbin
PATH: /bin


## ----------- ##
## Core tests. ##
## ----------- ##

configure:1979: checking for a BSD-compatible install
configure:2035: result: /usr/bin/install -c
configure:2046: checking whether build environment is sane
configure:2089: result: yes
configure:2117: checking for a thread-safe mkdir -p
configure:2156: result: /usr/bin/mkdir -p
configure:2169: checking for gawk
configure:2199: result: no
configure:2169: checking for mawk
configure:2185: found /usr/bin/mawk
configure:2196: result: mawk
configure:2207: checking whether make sets $(MAKE)
configure:2228: result: yes
configure:2308: checking for aarch64-linux-gnu-strip
configure:2324: found /usr/bin/aarch64-linux-gnu-strip
configure:2335: result: aarch64-linux-gnu-strip
configure:2417: checking whether make sets $(MAKE)
configure:2438: result: yes
configure:2455: checking for aarch64-linux-gnu-gcc
configure:2471: found /usr/bin/aarch64-linux-gnu-gcc
configure:2482: result: aarch64-linux-gnu-gcc
configure:2760: checking for C compiler version
configure:2767: aarch64-linux-gnu-gcc --version >&5
aarch64-linux-gnu-gcc (Debian 12.2.0-14) 12.2.0
Copyright (C) 2022 Free Software Foundation, Inc.
This is free software; see the source for copying conditions.  There is NO
warranty; not even for MERCHANTABILITY or FITNESS FOR A PARTICULAR PURPOSE.

configure:2770: $? = 0
configure:2777: aarch64-linux-gnu-gcc -v >&5
Using built-in specs.
COLLECT_GCC=aarch64-linux-gnu-gcc
COLLECT_LTO_WRAPPER=/usr/lib/gcc-cross/aarch64-linux-gnu/12/lto-wrapper
Target: aarch64-linux-gnu
Configured with: ../src/configure -v --with-pkgversion='Debian 12.2.0-14' --with-bugurl=file:///usr/share/doc/gcc-12/README.Bugs --enable-languages=c,ada,c++,go,d,fortran,objc,obj-c++,m2 --prefix=/usr --with-gcc-major-version-only --program-suffix=-12 --enable-shared --enable-linker-build-id --libexecdir=/usr/lib --without-included-gettext --enable-threads=posix --libdir=/usr/lib --enable-nls --with-sysroot=/ --enable-clocale=gnu --enable-libstdcxx-debug --enable-libstdcxx-time=yes --with-default-libstdcxx-abi=new --enable-gnu-unique-object --disable-libquadmath --disable-libquadmath-support --enable-plugin --enable-default-pie --with-system-zlib --enable-libphobos-checking=release --without-target-system-zlib --enable-multiarch --enable-fix-cortex-a53-843419 --disable-werror --enable-checking=release --build=x86_64-linux-gnu --host=x86_64-linux-gnu --target=aarch64-linux-gnu --program-prefix=aarch64-linux-gnu- --includedir=/usr/aarch64-linux-gnu/include
Thread model: posix
Supported LTO compression algorithms: zlib zstd
gcc version 12.2.0 (Debian 12.2.0-14) 
configure:2780: $? = 0
configure:2787: aarch64-linux-gnu-gcc -V >&5
aarch64-linux-gnu-gcc: error: unrecognized command-line option '-V'
aarch64-linux-gnu-gcc: fatal error: no input files
compilation terminated.
configure:2790: $? = 1
configure:2813: checking for C compiler default output file name
configure:2840: aarch64-linux-gnu-gcc -O2 -g -Wall -DLS1043 -I/opt/vyos-dev/ask-sysroot/usr/include -I/root/vyos-ls1046a-build/ASK/auto_bridge/include -I/root/vyos-ls1046a-build/ASK/cmm/src  -L/opt/vyos-dev/ask-sysroot/usr/lib -L/usr/lib/aarch64-linux-gnu conftest.c  >&5
configure:2843: $? = 0
configure:2881: result: a.out
configure:2898: checking whether the C compiler works
configure:2908: ./a.out
configure:2911: $? = 0
configure:2928: result: yes
configure:2935: checking whether we are cross compiling
configure:2937: result: no
configure:2940: checking for suffix of executables
configure:2947: aarch64-linux-gnu-gcc -o conftest -O2 -g -Wall -DLS1043 -I/opt/vyos-dev/ask-sysroot/usr/include -I/root/vyos-ls1046a-build/ASK/auto_bridge/include -I/root/vyos-ls1046a-build/ASK/cmm/src  -L/opt/vyos-dev/ask-sysroot/usr/lib -L/usr/lib/aarch64-linux-gnu conftest.c  >&5
configure:2950: $? = 0
configure:2974: result: 
configure:2980: checking for suffix of object files
configure:3006: aarch64-linux-gnu-gcc -c -O2 -g -Wall -DLS1043 -I/opt/vyos-dev/ask-sysroot/usr/include -I/root/vyos-ls1046a-build/ASK/auto_bridge/include -I/root/vyos-ls1046a-build/ASK/cmm/src  conftest.c >&5
configure:3009: $? = 0
configure:3032: result: o
configure:3036: checking whether we are using the GNU C compiler
configure:3065: aarch64-linux-gnu-gcc -c -O2 -g -Wall -DLS1043 -I/opt/vyos-dev/ask-sysroot/usr/include -I/root/vyos-ls1046a-build/ASK/auto_bridge/include -I/root/vyos-ls1046a-build/ASK/cmm/src  conftest.c >&5
configure:3071: $? = 0
configure:3088: result: yes
configure:3093: checking whether aarch64-linux-gnu-gcc accepts -g
configure:3123: aarch64-linux-gnu-gcc -c -g  conftest.c >&5
configure:3129: $? = 0
configure:3228: result: yes
configure:3245: checking for aarch64-linux-gnu-gcc option to accept ISO C89
configure:3319: aarch64-linux-gnu-gcc  -c -O2 -g -Wall -DLS1043 -I/opt/vyos-dev/ask-sysroot/usr/include -I/root/vyos-ls1046a-build/ASK/auto_bridge/include -I/root/vyos-ls1046a-build/ASK/cmm/src  conftest.c >&5
configure:3325: $? = 0
configure:3348: result: none needed
configure:3377: checking for style of include used by make
configure:3405: result: GNU
configure:3430: checking dependency style of aarch64-linux-gnu-gcc
configure:3521: result: gcc3
configure:3614: checking build system type
configure:3632: result: x86_64-pc-linux-gnu
configure:3654: checking host system type
configure:3669: result: aarch64-unknown-linux-gnu
configure:3691: checking for a sed that does not truncate output
configure:3747: result: /usr/bin/sed
configure:3750: checking for grep that handles long lines and -e
configure:3824: result: /usr/bin/grep
configure:3829: checking for egrep
configure:3907: result: /usr/bin/grep -E
configure:3923: checking for ld used by aarch64-linux-gnu-gcc
configure:3990: result: /usr/aarch64-linux-gnu/bin/ld
configure:3999: checking if the linker (/usr/aarch64-linux-gnu/bin/ld) is GNU ld
configure:4014: result: yes
configure:4019: checking for /usr/aarch64-linux-gnu/bin/ld option to reload object files
configure:4026: result: -r
configure:4044: checking for BSD-compatible nm
configure:4093: result: /usr/bin/aarch64-linux-gnu-nm -B
configure:4097: checking whether ln -s works
configure:4101: result: yes
configure:4108: checking how to recognize dependent libraries
configure:4294: result: pass_all
configure:4539: checking how to run the C preprocessor
configure:4579: aarch64-linux-gnu-gcc -E  conftest.c
configure:4585: $? = 0
configure:4616: aarch64-linux-gnu-gcc -E  conftest.c
conftest.c:10:10: fatal error: ac_nonexistent.h: No such file or directory
   10 | #include <ac_nonexistent.h>
      |          ^~~~~~~~~~~~~~~~~~
compilation terminated.
configure:4622: $? = 1
configure: failed program was:
| /* confdefs.h.  */
| #define PACKAGE_NAME ""
| #define PACKAGE_TARNAME ""
| #define PACKAGE_VERSION ""
| #define PACKAGE_STRING ""
| #define PACKAGE_BUGREPORT ""
| #define PACKAGE "apps"
| #define VERSION "1.00.0"
| /* end confdefs.h.  */
| #include <ac_nonexistent.h>
configure:4655: result: aarch64-linux-gnu-gcc -E
configure:4684: aarch64-linux-gnu-gcc -E  conftest.c
configure:4690: $? = 0
configure:4721: aarch64-linux-gnu-gcc -E  conftest.c
conftest.c:10:10: fatal error: ac_nonexistent.h: No such file or directory
   10 | #include <ac_nonexistent.h>
      |          ^~~~~~~~~~~~~~~~~~
compilation terminated.
configure:4727: $? = 1
configure: failed program was:
| /* confdefs.h.  */
| #define PACKAGE_NAME ""
| #define PACKAGE_TARNAME ""
| #define PACKAGE_VERSION ""
| #define PACKAGE_STRING ""
| #define PACKAGE_BUGREPORT ""
| #define PACKAGE "apps"
| #define VERSION "1.00.0"
| /* end confdefs.h.  */
| #include <ac_nonexistent.h>
configure:4765: checking for ANSI C header files
configure:4795: aarch64-linux-gnu-gcc -c -O2 -g -Wall -DLS1043 -I/opt/vyos-dev/ask-sysroot/usr/include -I/root/vyos-ls1046a-build/ASK/auto_bridge/include -I/root/vyos-ls1046a-build/ASK/cmm/src  conftest.c >&5
configure:4801: $? = 0
configure:4900: aarch64-linux-gnu-gcc -o conftest -O2 -g -Wall -DLS1043 -I/opt/vyos-dev/ask-sysroot/usr/include -I/root/vyos-ls1046a-build/ASK/auto_bridge/include -I/root/vyos-ls1046a-build/ASK/cmm/src  -L/opt/vyos-dev/ask-sysroot/usr/lib -L/usr/lib/aarch64-linux-gnu conftest.c  >&5
configure:4903: $? = 0
configure:4909: ./conftest
configure:4912: $? = 0
configure:4929: result: yes
configure:4953: checking for sys/types.h
configure:4974: aarch64-linux-gnu-gcc -c -O2 -g -Wall -DLS1043 -I/opt/vyos-dev/ask-sysroot/usr/include -I/root/vyos-ls1046a-build/ASK/auto_bridge/include -I/root/vyos-ls1046a-build/ASK/cmm/src  conftest.c >&5
configure:4980: $? = 0
configure:4996: result: yes
configure:4953: checking for sys/stat.h
configure:4974: aarch64-linux-gnu-gcc -c -O2 -g -Wall -DLS1043 -I/opt/vyos-dev/ask-sysroot/usr/include -I/root/vyos-ls1046a-build/ASK/auto_bridge/include -I/root/vyos-ls1046a-build/ASK/cmm/src  conftest.c >&5
configure:4980: $? = 0
configure:4996: result: yes
configure:4953: checking for stdlib.h
configure:4974: aarch64-linux-gnu-gcc -c -O2 -g -Wall -DLS1043 -I/opt/vyos-dev/ask-sysroot/usr/include -I/root/vyos-ls1046a-build/ASK/auto_bridge/include -I/root/vyos-ls1046a-build/ASK/cmm/src  conftest.c >&5
configure:4980: $? = 0
configure:4996: result: yes
configure:4953: checking for string.h
configure:4974: aarch64-linux-gnu-gcc -c -O2 -g -Wall -DLS1043 -I/opt/vyos-dev/ask-sysroot/usr/include -I/root/vyos-ls1046a-build/ASK/auto_bridge/include -I/root/vyos-ls1046a-build/ASK/cmm/src  conftest.c >&5
configure:4980: $? = 0
configure:4996: result: yes
configure:4953: checking for memory.h
configure:4974: aarch64-linux-gnu-gcc -c -O2 -g -Wall -DLS1043 -I/opt/vyos-dev/ask-sysroot/usr/include -I/root/vyos-ls1046a-build/ASK/auto_bridge/include -I/root/vyos-ls1046a-build/ASK/cmm/src  conftest.c >&5
configure:4980: $? = 0
configure:4996: result: yes
configure:4953: checking for strings.h
configure:4974: aarch64-linux-gnu-gcc -c -O2 -g -Wall -DLS1043 -I/opt/vyos-dev/ask-sysroot/usr/include -I/root/vyos-ls1046a-build/ASK/auto_bridge/include -I/root/vyos-ls1046a-build/ASK/cmm/src  conftest.c >&5
configure:4980: $? = 0
configure:4996: result: yes
configure:4953: checking for inttypes.h
configure:4974: aarch64-linux-gnu-gcc -c -O2 -g -Wall -DLS1043 -I/opt/vyos-dev/ask-sysroot/usr/include -I/root/vyos-ls1046a-build/ASK/auto_bridge/include -I/root/vyos-ls1046a-build/ASK/cmm/src  conftest.c >&5
configure:4980: $? = 0
configure:4996: result: yes
configure:4953: checking for stdint.h
configure:4974: aarch64-linux-gnu-gcc -c -O2 -g -Wall -DLS1043 -I/opt/vyos-dev/ask-sysroot/usr/include -I/root/vyos-ls1046a-build/ASK/auto_bridge/include -I/root/vyos-ls1046a-build/ASK/cmm/src  conftest.c >&5
configure:4980: $? = 0
configure:4996: result: yes
configure:4953: checking for unistd.h
configure:4974: aarch64-linux-gnu-gcc -c -O2 -g -Wall -DLS1043 -I/opt/vyos-dev/ask-sysroot/usr/include -I/root/vyos-ls1046a-build/ASK/auto_bridge/include -I/root/vyos-ls1046a-build/ASK/cmm/src  conftest.c >&5
configure:4980: $? = 0
configure:4996: result: yes
configure:5023: checking dlfcn.h usability
configure:5040: aarch64-linux-gnu-gcc -c -O2 -g -Wall -DLS1043 -I/opt/vyos-dev/ask-sysroot/usr/include -I/root/vyos-ls1046a-build/ASK/auto_bridge/include -I/root/vyos-ls1046a-build/ASK/cmm/src  conftest.c >&5
configure:5046: $? = 0
configure:5060: result: yes
configure:5064: checking dlfcn.h presence
configure:5079: aarch64-linux-gnu-gcc -E  conftest.c
configure:5085: $? = 0
configure:5099: result: yes
configure:5127: checking for dlfcn.h
configure:5135: result: yes
configure:5162: checking for aarch64-linux-gnu-g++
configure:5178: found /usr/bin/aarch64-linux-gnu-g++
configure:5189: result: aarch64-linux-gnu-g++
configure:5264: checking for C++ compiler version
configure:5271: aarch64-linux-gnu-g++ --version >&5
aarch64-linux-gnu-g++ (Debian 12.2.0-14) 12.2.0
Copyright (C) 2022 Free Software Foundation, Inc.
This is free software; see the source for copying conditions.  There is NO
warranty; not even for MERCHANTABILITY or FITNESS FOR A PARTICULAR PURPOSE.

configure:5274: $? = 0
configure:5281: aarch64-linux-gnu-g++ -v >&5
Using built-in specs.
COLLECT_GCC=aarch64-linux-gnu-g++
COLLECT_LTO_WRAPPER=/usr/lib/gcc-cross/aarch64-linux-gnu/12/lto-wrapper
Target: aarch64-linux-gnu
Configured with: ../src/configure -v --with-pkgversion='Debian 12.2.0-14' --with-bugurl=file:///usr/share/doc/gcc-12/README.Bugs --enable-languages=c,ada,c++,go,d,fortran,objc,obj-c++,m2 --prefix=/usr --with-gcc-major-version-only --program-suffix=-12 --enable-shared --enable-linker-build-id --libexecdir=/usr/lib --without-included-gettext --enable-threads=posix --libdir=/usr/lib --enable-nls --with-sysroot=/ --enable-clocale=gnu --enable-libstdcxx-debug --enable-libstdcxx-time=yes --with-default-libstdcxx-abi=new --enable-gnu-unique-object --disable-libquadmath --disable-libquadmath-support --enable-plugin --enable-default-pie --with-system-zlib --enable-libphobos-checking=release --without-target-system-zlib --enable-multiarch --enable-fix-cortex-a53-843419 --disable-werror --enable-checking=release --build=x86_64-linux-gnu --host=x86_64-linux-gnu --target=aarch64-linux-gnu --program-prefix=aarch64-linux-gnu- --includedir=/usr/aarch64-linux-gnu/include
Thread model: posix
Supported LTO compression algorithms: zlib zstd
gcc version 12.2.0 (Debian 12.2.0-14) 
configure:5284: $? = 0
configure:5291: aarch64-linux-gnu-g++ -V >&5
aarch64-linux-gnu-g++: error: unrecognized command-line option '-V'
aarch64-linux-gnu-g++: fatal error: no input files
compilation terminated.
configure:5294: $? = 1
configure:5297: checking whether we are using the GNU C++ compiler
configure:5326: aarch64-linux-gnu-g++ -c   conftest.cpp >&5
configure:5332: $? = 0
configure:5349: result: yes
configure:5354: checking whether aarch64-linux-gnu-g++ accepts -g
configure:5384: aarch64-linux-gnu-g++ -c -g  conftest.cpp >&5
configure:5390: $? = 0
configure:5489: result: yes
configure:5514: checking dependency style of aarch64-linux-gnu-g++
configure:5605: result: gcc3
configure:5630: checking how to run the C++ preprocessor
configure:5666: aarch64-linux-gnu-g++ -E  conftest.cpp
configure:5672: $? = 0
configure:5703: aarch64-linux-gnu-g++ -E  conftest.cpp
conftest.cpp:21:10: fatal error: ac_nonexistent.h: No such file or directory
   21 | #include <ac_nonexistent.h>
      |          ^~~~~~~~~~~~~~~~~~
compilation terminated.
configure:5709: $? = 1
configure: failed program was:
| /* confdefs.h.  */
| #define PACKAGE_NAME ""
| #define PACKAGE_TARNAME ""
| #define PACKAGE_VERSION ""
| #define PACKAGE_STRING ""
| #define PACKAGE_BUGREPORT ""
| #define PACKAGE "apps"
| #define VERSION "1.00.0"
| #define STDC_HEADERS 1
| #define HAVE_SYS_TYPES_H 1
| #define HAVE_SYS_STAT_H 1
| #define HAVE_STDLIB_H 1
| #define HAVE_STRING_H 1
| #define HAVE_MEMORY_H 1
| #define HAVE_STRINGS_H 1
| #define HAVE_INTTYPES_H 1
| #define HAVE_STDINT_H 1
| #define HAVE_UNISTD_H 1
| #define HAVE_DLFCN_H 1
| /* end confdefs.h.  */
| #include <ac_nonexistent.h>
configure:5742: result: aarch64-linux-gnu-g++ -E
configure:5771: aarch64-linux-gnu-g++ -E  conftest.cpp
configure:5777: $? = 0
configure:5808: aarch64-linux-gnu-g++ -E  conftest.cpp
conftest.cpp:21:10: fatal error: ac_nonexistent.h: No such file or directory
   21 | #include <ac_nonexistent.h>
      |          ^~~~~~~~~~~~~~~~~~
compilation terminated.
configure:5814: $? = 1
configure: failed program was:
| /* confdefs.h.  */
| #define PACKAGE_NAME ""
| #define PACKAGE_TARNAME ""
| #define PACKAGE_VERSION ""
| #define PACKAGE_STRING ""
| #define PACKAGE_BUGREPORT ""
| #define PACKAGE "apps"
| #define VERSION "1.00.0"
| #define STDC_HEADERS 1
| #define HAVE_SYS_TYPES_H 1
| #define HAVE_SYS_STAT_H 1
| #define HAVE_STDLIB_H 1
| #define HAVE_STRING_H 1
| #define HAVE_MEMORY_H 1
| #define HAVE_STRINGS_H 1
| #define HAVE_INTTYPES_H 1
| #define HAVE_STDINT_H 1
| #define HAVE_UNISTD_H 1
| #define HAVE_DLFCN_H 1
| /* end confdefs.h.  */
| #include <ac_nonexistent.h>
configure:5863: checking for aarch64-linux-gnu-g77
configure:5893: result: no
configure:5863: checking for aarch64-linux-gnu-xlf
configure:5893: result: no
configure:5863: checking for aarch64-linux-gnu-f77
configure:5893: result: no
configure:5863: checking for aarch64-linux-gnu-frt
configure:5893: result: no
configure:5863: checking for aarch64-linux-gnu-pgf77
configure:5893: result: no
configure:5863: checking for aarch64-linux-gnu-cf77
configure:5893: result: no
configure:5863: checking for aarch64-linux-gnu-fort77
configure:5893: result: no
configure:5863: checking for aarch64-linux-gnu-fl32
configure:5893: result: no
configure:5863: checking for aarch64-linux-gnu-af77
configure:5893: result: no
configure:5863: checking for aarch64-linux-gnu-xlf90
configure:5893: result: no
configure:5863: checking for aarch64-linux-gnu-f90
configure:5893: result: no
configure:5863: checking for aarch64-linux-gnu-pgf90
configure:5893: result: no
configure:5863: checking for aarch64-linux-gnu-pghpf
configure:5893: result: no
configure:5863: checking for aarch64-linux-gnu-epcf90
configure:5893: result: no
configure:5863: checking for aarch64-linux-gnu-gfortran
configure:5893: result: no
configure:5863: checking for aarch64-linux-gnu-g95
configure:5893: result: no
configure:5863: checking for aarch64-linux-gnu-xlf95
configure:5893: result: no
configure:5863: checking for aarch64-linux-gnu-f95
configure:5893: result: no
configure:5863: checking for aarch64-linux-gnu-fort
configure:5893: result: no
configure:5863: checking for aarch64-linux-gnu-ifort
configure:5893: result: no
configure:5863: checking for aarch64-linux-gnu-ifc
configure:5893: result: no
configure:5863: checking for aarch64-linux-gnu-efc
configure:5893: result: no
configure:5863: checking for aarch64-linux-gnu-pgf95
configure:5893: result: no
configure:5863: checking for aarch64-linux-gnu-lf95
configure:5893: result: no
configure:5863: checking for aarch64-linux-gnu-ftn
configure:5893: result: no
configure:5907: checking for g77
configure:5937: result: no
configure:5907: checking for xlf
configure:5937: result: no
configure:5907: checking for f77
configure:5937: result: no
configure:5907: checking for frt
configure:5937: result: no
configure:5907: checking for pgf77
configure:5937: result: no
configure:5907: checking for cf77
configure:5937: result: no
configure:5907: checking for fort77
configure:5937: result: no
configure:5907: checking for fl32
configure:5937: result: no
configure:5907: checking for af77
configure:5937: result: no
configure:5907: checking for xlf90
configure:5937: result: no
configure:5907: checking for f90
configure:5937: result: no
configure:5907: checking for pgf90
configure:5937: result: no
configure:5907: checking for pghpf
configure:5937: result: no
configure:5907: checking for epcf90
configure:5937: result: no
configure:5907: checking for gfortran
configure:5937: result: no
configure:5907: checking for g95
configure:5937: result: no
configure:5907: checking for xlf95
configure:5937: result: no
configure:5907: checking for f95
configure:5937: result: no
configure:5907: checking for fort
configure:5937: result: no
configure:5907: checking for ifort
configure:5937: result: no
configure:5907: checking for ifc
configure:5937: result: no
configure:5907: checking for efc
configure:5937: result: no
configure:5907: checking for pgf95
configure:5937: result: no
configure:5907: checking for lf95
configure:5937: result: no
configure:5907: checking for ftn
configure:5937: result: no
configure:5964: checking for Fortran 77 compiler version
configure:5971:  --version >&5
./configure: line 5972: --version: command not found
configure:5974: $? = 127
configure:5981:  -v >&5
./configure: line 5982: -v: command not found
configure:5984: $? = 127
configure:5991:  -V >&5
./configure: line 5992: -V: command not found
configure:5994: $? = 127
configure:6002: checking whether we are using the GNU Fortran 77 compiler
configure:6021:  -c  conftest.F >&5
./configure: line 6022: -c: command not found
configure:6027: $? = 127
configure: failed program was:
|       program main
| #ifndef __GNUC__
|        choke me
| #endif
| 
|       end
configure:6044: result: no
configure:6050: checking whether  accepts -g
configure:6067:  -c -g conftest.f >&5
./configure: line 6068: -c: command not found
configure:6073: $? = 127
configure: failed program was:
|       program main
| 
|       end
configure:6089: result: no
configure:6118: checking the maximum length of command line arguments
configure:6230: result: 1572864
configure:6242: checking command to parse /usr/bin/aarch64-linux-gnu-nm -B output from aarch64-linux-gnu-gcc object
configure:6347: aarch64-linux-gnu-gcc -c -O2 -g -Wall -DLS1043 -I/opt/vyos-dev/ask-sysroot/usr/include -I/root/vyos-ls1046a-build/ASK/auto_bridge/include -I/root/vyos-ls1046a-build/ASK/cmm/src  conftest.c >&5
configure:6350: $? = 0
configure:6354: /usr/bin/aarch64-linux-gnu-nm -B conftest.o \| sed -n -e 's/^.*[ 	]\([ABCDGIRSTW][ABCDGIRSTW]*\)[ 	][ 	]*\([_A-Za-z][_A-Za-z0-9]*\)$/\1 \2 \2/p' \> conftest.nm
configure:6357: $? = 0
configure:6409: aarch64-linux-gnu-gcc -o conftest -O2 -g -Wall -DLS1043 -I/opt/vyos-dev/ask-sysroot/usr/include -I/root/vyos-ls1046a-build/ASK/auto_bridge/include -I/root/vyos-ls1046a-build/ASK/cmm/src  -L/opt/vyos-dev/ask-sysroot/usr/lib -L/usr/lib/aarch64-linux-gnu conftest.c conftstm.o >&5
configure:6412: $? = 0
configure:6450: result: ok
configure:6454: checking for objdir
configure:6469: result: .libs
configure:6521: checking for aarch64-linux-gnu-ar
configure:6537: found /usr/bin/aarch64-linux-gnu-ar
configure:6548: result: aarch64-linux-gnu-ar
configure:6617: checking for aarch64-linux-gnu-ranlib
configure:6633: found /usr/bin/aarch64-linux-gnu-ranlib
configure:6644: result: aarch64-linux-gnu-ranlib
configure:6713: checking for aarch64-linux-gnu-strip
configure:6740: result: aarch64-linux-gnu-strip
configure:7378: checking if aarch64-linux-gnu-gcc supports -fno-rtti -fno-exceptions
configure:7396: aarch64-linux-gnu-gcc -c -O2 -g -Wall -DLS1043 -I/opt/vyos-dev/ask-sysroot/usr/include -I/root/vyos-ls1046a-build/ASK/auto_bridge/include -I/root/vyos-ls1046a-build/ASK/cmm/src  -fno-rtti -fno-exceptions conftest.c >&5
cc1: warning: command-line option '-fno-rtti' is valid for C++/D/ObjC++ but not for C
configure:7400: $? = 0
configure:7413: result: no
configure:7428: checking for aarch64-linux-gnu-gcc option to produce PIC
configure:7660: result: -fPIC
configure:7668: checking if aarch64-linux-gnu-gcc PIC flag -fPIC works
configure:7686: aarch64-linux-gnu-gcc -c -O2 -g -Wall -DLS1043 -I/opt/vyos-dev/ask-sysroot/usr/include -I/root/vyos-ls1046a-build/ASK/auto_bridge/include -I/root/vyos-ls1046a-build/ASK/cmm/src  -fPIC -DPIC conftest.c >&5
configure:7690: $? = 0
configure:7703: result: yes
configure:7731: checking if aarch64-linux-gnu-gcc static flag -static works
configure:7759: result: yes
configure:7769: checking if aarch64-linux-gnu-gcc supports -c -o file.o
configure:7790: aarch64-linux-gnu-gcc -c -O2 -g -Wall -DLS1043 -I/opt/vyos-dev/ask-sysroot/usr/include -I/root/vyos-ls1046a-build/ASK/auto_bridge/include -I/root/vyos-ls1046a-build/ASK/cmm/src  -o out/conftest2.o conftest.c >&5
configure:7794: $? = 0
configure:7816: result: yes
configure:7842: checking whether the aarch64-linux-gnu-gcc linker (/usr/aarch64-linux-gnu/bin/ld) supports shared libraries
configure:8823: result: yes
configure:8844: checking whether -lc should be explicitly linked in
configure:8849: aarch64-linux-gnu-gcc -c -O2 -g -Wall -DLS1043 -I/opt/vyos-dev/ask-sysroot/usr/include -I/root/vyos-ls1046a-build/ASK/auto_bridge/include -I/root/vyos-ls1046a-build/ASK/cmm/src  conftest.c >&5
configure:8852: $? = 0
configure:8867: aarch64-linux-gnu-gcc -shared conftest.o  -v -Wl,-soname -Wl,conftest -o conftest 2\>\&1 \| grep  -lc  \>/dev/null 2\>\&1
configure:8870: $? = 0
configure:8882: result: no
configure:8890: checking dynamic linker characteristics
configure:9504: result: GNU/Linux ld.so
configure:9528: checking how to hardcode library paths into programs
configure:9553: result: immediate
configure:9567: checking whether stripping libraries is possible
configure:9572: result: yes
configure:10374: checking if libtool supports shared libraries
configure:10376: result: yes
configure:10379: checking whether to build shared libraries
configure:10400: result: yes
configure:10403: checking whether to build static libraries
configure:10407: result: yes
configure:10501: creating libtool
configure:11094: checking for ld used by aarch64-linux-gnu-g++
configure:11161: result: /usr/aarch64-linux-gnu/bin/ld
configure:11170: checking if the linker (/usr/aarch64-linux-gnu/bin/ld) is GNU ld
configure:11185: result: yes
configure:11236: checking whether the aarch64-linux-gnu-g++ linker (/usr/aarch64-linux-gnu/bin/ld) supports shared libraries
configure:12182: result: yes
configure:12199: aarch64-linux-gnu-g++ -c -g -O2  conftest.cpp >&5
configure:12202: $? = 0
configure:12358: checking for aarch64-linux-gnu-g++ option to produce PIC
configure:12642: result: -fPIC
configure:12650: checking if aarch64-linux-gnu-g++ PIC flag -fPIC works
configure:12668: aarch64-linux-gnu-g++ -c -g -O2  -fPIC -DPIC conftest.cpp >&5
configure:12672: $? = 0
configure:12685: result: yes
configure:12713: checking if aarch64-linux-gnu-g++ static flag -static works
configure:12741: result: yes
configure:12751: checking if aarch64-linux-gnu-g++ supports -c -o file.o
configure:12772: aarch64-linux-gnu-g++ -c -g -O2  -o out/conftest2.o conftest.cpp >&5
configure:12776: $? = 0
configure:12798: result: yes
configure:12824: checking whether the aarch64-linux-gnu-g++ linker (/usr/aarch64-linux-gnu/bin/ld) supports shared libraries
configure:12853: result: yes
configure:12920: checking dynamic linker characteristics
configure:13482: result: GNU/Linux ld.so
configure:13506: checking how to hardcode library paths into programs
configure:13531: result: immediate
configure:19791: checking for a BSD-compatible install
configure:19847: result: /usr/bin/install -c
configure:19868: checking for aarch64-linux-gnu-pkg-config
configure:19886: found /usr/bin/aarch64-linux-gnu-pkg-config
configure:19898: result: /usr/bin/aarch64-linux-gnu-pkg-config
configure:19970: checking pkg-config is at least version 0.9.0
configure:19973: result: yes
configure:19984: checking for LIBNFCONNTRACK
configure:20053: result: yes
configure:20207: creating ./config.status

## ---------------------- ##
## Running config.status. ##
## ---------------------- ##

This file was extended by config.status, which was
generated by GNU Autoconf 2.61.  Invocation command line was

  CONFIG_FILES    = 
  CONFIG_HEADERS  = 
  CONFIG_LINKS    = 
  CONFIG_COMMANDS = 
  $ ./config.status 

on vyos-builder

config.status:652: creating Makefile
config.status:652: creating src/Makefile
config.status:843: executing depfiles commands

## ---------------- ##
## Cache variables. ##
## ---------------- ##

ac_cv_build=x86_64-pc-linux-gnu
ac_cv_c_compiler_gnu=yes
ac_cv_cxx_compiler_gnu=yes
ac_cv_env_CCC_set=
ac_cv_env_CCC_value=
ac_cv_env_CC_set=
ac_cv_env_CC_value=
ac_cv_env_CFLAGS_set=set
ac_cv_env_CFLAGS_value='-O2 -g -Wall -DLS1043 -I/opt/vyos-dev/ask-sysroot/usr/include -I/root/vyos-ls1046a-build/ASK/auto_bridge/include -I/root/vyos-ls1046a-build/ASK/cmm/src'
ac_cv_env_CPPFLAGS_set=
ac_cv_env_CPPFLAGS_value=
ac_cv_env_CPP_set=
ac_cv_env_CPP_value=
ac_cv_env_CXXCPP_set=
ac_cv_env_CXXCPP_value=
ac_cv_env_CXXFLAGS_set=
ac_cv_env_CXXFLAGS_value=
ac_cv_env_CXX_set=
ac_cv_env_CXX_value=
ac_cv_env_F77_set=
ac_cv_env_F77_value=
ac_cv_env_FFLAGS_set=
ac_cv_env_FFLAGS_value=
ac_cv_env_LDFLAGS_set=set
ac_cv_env_LDFLAGS_value='-L/opt/vyos-dev/ask-sysroot/usr/lib -L/usr/lib/aarch64-linux-gnu'
ac_cv_env_LIBNFCONNTRACK_CFLAGS_set=set
ac_cv_env_LIBNFCONNTRACK_CFLAGS_value=-I/opt/vyos-dev/ask-sysroot/usr/include
ac_cv_env_LIBNFCONNTRACK_LIBS_set=set
ac_cv_env_LIBNFCONNTRACK_LIBS_value='-L/opt/vyos-dev/ask-sysroot/usr/lib -lnetfilter_conntrack -lnfnetlink'
ac_cv_env_LIBS_set=
ac_cv_env_LIBS_value=
ac_cv_env_PKG_CONFIG_set=
ac_cv_env_PKG_CONFIG_value=
ac_cv_env_build_alias_set=
ac_cv_env_build_alias_value=
ac_cv_env_host_alias_set=set
ac_cv_env_host_alias_value=aarch64-linux-gnu
ac_cv_env_target_alias_set=
ac_cv_env_target_alias_value=
ac_cv_f77_compiler_gnu=no
ac_cv_header_dlfcn_h=yes
ac_cv_header_inttypes_h=yes
ac_cv_header_memory_h=yes
ac_cv_header_stdc=yes
ac_cv_header_stdint_h=yes
ac_cv_header_stdlib_h=yes
ac_cv_header_string_h=yes
ac_cv_header_strings_h=yes
ac_cv_header_sys_stat_h=yes
ac_cv_header_sys_types_h=yes
ac_cv_header_unistd_h=yes
ac_cv_host=aarch64-unknown-linux-gnu
ac_cv_objext=o
ac_cv_path_EGREP='/usr/bin/grep -E'
ac_cv_path_GREP=/usr/bin/grep
ac_cv_path_PKG_CONFIG=/usr/bin/aarch64-linux-gnu-pkg-config
ac_cv_path_install='/usr/bin/install -c'
ac_cv_path_mkdir=/usr/bin/mkdir
ac_cv_prog_AR=aarch64-linux-gnu-ar
ac_cv_prog_AWK=mawk
ac_cv_prog_CC=aarch64-linux-gnu-gcc
ac_cv_prog_CPP='aarch64-linux-gnu-gcc -E'
ac_cv_prog_CXX=aarch64-linux-gnu-g++
ac_cv_prog_CXXCPP='aarch64-linux-gnu-g++ -E'
ac_cv_prog_RANLIB=aarch64-linux-gnu-ranlib
ac_cv_prog_STRIP=aarch64-linux-gnu-strip
ac_cv_prog_cc_c89=
ac_cv_prog_cc_g=yes
ac_cv_prog_cxx_g=yes
ac_cv_prog_f77_g=no
ac_cv_prog_make_make_set=yes
am_cv_CC_dependencies_compiler_type=gcc3
am_cv_CXX_dependencies_compiler_type=gcc3
lt_cv_deplibs_check_method=pass_all
lt_cv_file_magic_cmd='$MAGIC_CMD'
lt_cv_file_magic_test_file=
lt_cv_ld_reload_flag=-r
lt_cv_objdir=.libs
lt_cv_path_LD=/usr/aarch64-linux-gnu/bin/ld
lt_cv_path_LDCXX=/usr/aarch64-linux-gnu/bin/ld
lt_cv_path_NM='/usr/bin/aarch64-linux-gnu-nm -B'
lt_cv_path_SED=/usr/bin/sed
lt_cv_prog_compiler_c_o=yes
lt_cv_prog_compiler_c_o_CXX=yes
lt_cv_prog_compiler_pic_works=yes
lt_cv_prog_compiler_pic_works_CXX=yes
lt_cv_prog_compiler_rtti_exceptions=no
lt_cv_prog_compiler_static_works=yes
lt_cv_prog_compiler_static_works_CXX=yes
lt_cv_prog_gnu_ld=yes
lt_cv_prog_gnu_ldcxx=yes
lt_cv_sys_global_symbol_pipe='sed -n -e '\''s/^.*[ 	]\([ABCDGIRSTW][ABCDGIRSTW]*\)[ 	][ 	]*\([_A-Za-z][_A-Za-z0-9]*\)$/\1 \2 \2/p'\'''
lt_cv_sys_global_symbol_to_c_name_address='sed -n -e '\''s/^: \([^ ]*\) $/  {\"\1\", (lt_ptr) 0},/p'\'' -e '\''s/^[BCDEGRST] \([^ ]*\) \([^ ]*\)$/  {"\2", (lt_ptr) \&\2},/p'\'''
lt_cv_sys_global_symbol_to_cdecl='sed -n -e '\''s/^. .* \(.*\)$/extern int \1;/p'\'''
lt_cv_sys_lib_dlsearch_path_spec='/lib /usr/lib /usr/local/lib/aarch64-linux-gnu /lib/aarch64-linux-gnu /usr/lib/aarch64-linux-gnu /usr/lib/x86_64-linux-gnu/libfakeroot /usr/local/lib /usr/local/lib/x86_64-linux-gnu /lib/x86_64-linux-gnu /usr/lib/x86_64-linux-gnu '
lt_cv_sys_lib_search_path_spec='/usr/lib/gcc-cross/aarch64-linux-gnu/12 /usr/aarch64-linux-gnu/lib /lib/aarch64-linux-gnu /lib /usr/lib/aarch64-linux-gnu /usr/lib'
lt_cv_sys_max_cmd_len=1572864
lt_lt_cv_prog_compiler_c_o='"yes"'
lt_lt_cv_prog_compiler_c_o_CXX='"yes"'
lt_lt_cv_sys_global_symbol_pipe='"sed -n -e '\''s/^.*[ 	]\\([ABCDGIRSTW][ABCDGIRSTW]*\\)[ 	][ 	]*\\([_A-Za-z][_A-Za-z0-9]*\\)\$/\\1 \\2 \\2/p'\''"'
lt_lt_cv_sys_global_symbol_to_c_name_address='"sed -n -e '\''s/^: \\([^ ]*\\) \$/  {\\\"\\1\\\", (lt_ptr) 0},/p'\'' -e '\''s/^[BCDEGRST] \\([^ ]*\\) \\([^ ]*\\)\$/  {\"\\2\", (lt_ptr) \\&\\2},/p'\''"'
lt_lt_cv_sys_global_symbol_to_cdecl='"sed -n -e '\''s/^. .* \\(.*\\)\$/extern int \\1;/p'\''"'
pkg_cv_LIBNFCONNTRACK_CFLAGS=-I/opt/vyos-dev/ask-sysroot/usr/include
pkg_cv_LIBNFCONNTRACK_LIBS='-L/opt/vyos-dev/ask-sysroot/usr/lib -lnetfilter_conntrack -lnfnetlink'

## ----------------- ##
## Output variables. ##
## ----------------- ##

ACLOCAL='${SHELL} /root/vyos-ls1046a-build/ASK/cmm/missing --run aclocal-1.10'
AMDEPBACKSLASH='\'
AMDEP_FALSE='#'
AMDEP_TRUE=''
AMTAR='${SHELL} /root/vyos-ls1046a-build/ASK/cmm/missing --run tar'
AR='aarch64-linux-gnu-ar'
AUTOCONF='${SHELL} /root/vyos-ls1046a-build/ASK/cmm/missing --run autoconf'
AUTOHEADER='${SHELL} /root/vyos-ls1046a-build/ASK/cmm/missing --run autoheader'
AUTOMAKE='${SHELL} /root/vyos-ls1046a-build/ASK/cmm/missing --run automake-1.10'
AWK='mawk'
CC='aarch64-linux-gnu-gcc'
CCDEPMODE='depmode=gcc3'
CFLAGS='-O2 -g -Wall -DLS1043 -I/opt/vyos-dev/ask-sysroot/usr/include -I/root/vyos-ls1046a-build/ASK/auto_bridge/include -I/root/vyos-ls1046a-build/ASK/cmm/src -I/opt/vyos-dev/ask-sysroot/usr/include'
CMM_LIBS='-L/opt/vyos-dev/ask-sysroot/usr/lib -lnetfilter_conntrack -lnfnetlink'
CPP='aarch64-linux-gnu-gcc -E'
CPPFLAGS=''
CXX='aarch64-linux-gnu-g++'
CXXCPP='aarch64-linux-gnu-g++ -E'
CXXDEPMODE='depmode=gcc3'
CXXFLAGS='-g -O2'
CYGPATH_W='echo'
DEFS='-DPACKAGE_NAME=\"\" -DPACKAGE_TARNAME=\"\" -DPACKAGE_VERSION=\"\" -DPACKAGE_STRING=\"\" -DPACKAGE_BUGREPORT=\"\" -DPACKAGE=\"apps\" -DVERSION=\"1.00.0\" -DSTDC_HEADERS=1 -DHAVE_SYS_TYPES_H=1 -DHAVE_SYS_STAT_H=1 -DHAVE_STDLIB_H=1 -DHAVE_STRING_H=1 -DHAVE_MEMORY_H=1 -DHAVE_STRINGS_H=1 -DHAVE_INTTYPES_H=1 -DHAVE_STDINT_H=1 -DHAVE_UNISTD_H=1 -DHAVE_DLFCN_H=1'
DEPDIR='.deps'
DSYMUTIL=''
ECHO='echo'
ECHO_C=''
ECHO_N='-n'
ECHO_T=''
EGREP='/usr/bin/grep -E'
EXEEXT=''
F77=''
FFLAGS=''
GREP='/usr/bin/grep'
INSTALL_DATA='${INSTALL} -m 644'
INSTALL_PROGRAM='${INSTALL}'
INSTALL_SCRIPT='${INSTALL}'
INSTALL_STRIP_PROGRAM='$(install_sh) -c -s'
LDFLAGS='-L/opt/vyos-dev/ask-sysroot/usr/lib -L/usr/lib/aarch64-linux-gnu'
LIBNFCONNTRACK_CFLAGS='-I/opt/vyos-dev/ask-sysroot/usr/include'
LIBNFCONNTRACK_LIBS='-L/opt/vyos-dev/ask-sysroot/usr/lib -lnetfilter_conntrack -lnfnetlink'
LIBOBJS=''
LIBS=''
LIBTOOL='$(SHELL) $(top_builddir)/libtool'
LN_S='ln -s'
LTLIBOBJS=''
MAKEINFO='${SHELL} /root/vyos-ls1046a-build/ASK/cmm/missing --run makeinfo'
NMEDIT=''
OBJEXT='o'
PACKAGE='apps'
PACKAGE_BUGREPORT=''
PACKAGE_NAME=''
PACKAGE_STRING=''
PACKAGE_TARNAME=''
PACKAGE_VERSION=''
PATH_SEPARATOR=':'
PKG_CONFIG='/usr/bin/aarch64-linux-gnu-pkg-config'
RANLIB='aarch64-linux-gnu-ranlib'
SED='/usr/bin/sed'
SET_MAKE=''
SHELL='/bin/bash'
STRIP='aarch64-linux-gnu-strip'
VERSION='1.00.0'
ac_ct_CC=''
ac_ct_CXX=''
ac_ct_F77=''
am__fastdepCC_FALSE='#'
am__fastdepCC_TRUE=''
am__fastdepCXX_FALSE='#'
am__fastdepCXX_TRUE=''
am__include='include'
am__isrc=''
am__leading_dot='.'
am__quote=''
am__tar='${AMTAR} chof - "$$tardir"'
am__untar='${AMTAR} xf -'
bindir='${exec_prefix}/bin'
build='x86_64-pc-linux-gnu'
build_alias=''
build_cpu='x86_64'
build_os='linux-gnu'
build_vendor='pc'
datadir='${datarootdir}'
datarootdir='${prefix}/share'
docdir='${datarootdir}/doc/${PACKAGE}'
dvidir='${docdir}'
exec_prefix='${prefix}'
host='aarch64-unknown-linux-gnu'
host_alias='aarch64-linux-gnu'
host_cpu='aarch64'
host_os='linux-gnu'
host_vendor='unknown'
htmldir='${docdir}'
includedir='${prefix}/include'
infodir='${datarootdir}/info'
install_sh='$(SHELL) /root/vyos-ls1046a-build/ASK/cmm/install-sh'
libdir='${exec_prefix}/lib'
libexecdir='${exec_prefix}/libexec'
localedir='${datarootdir}/locale'
localstatedir='${prefix}/var'
mandir='${datarootdir}/man'
mkdir_p='/usr/bin/mkdir -p'
oldincludedir='/usr/include'
pdfdir='${docdir}'
prefix='/usr'
program_transform_name='s,x,x,'
psdir='${docdir}'
sbindir='${exec_prefix}/sbin'
sharedstatedir='${prefix}/com'
sysconfdir='${prefix}/etc'
target_alias=''

## ----------- ##
## confdefs.h. ##
## ----------- ##

#define PACKAGE_NAME ""
#define PACKAGE_TARNAME ""
#define PACKAGE_VERSION ""
#define PACKAGE_STRING ""
#define PACKAGE_BUGREPORT ""
#define PACKAGE "apps"
#define VERSION "1.00.0"
#define STDC_HEADERS 1
#define HAVE_SYS_TYPES_H 1
#define HAVE_SYS_STAT_H 1
#define HAVE_STDLIB_H 1
#define HAVE_STRING_H 1
#define HAVE_MEMORY_H 1
#define HAVE_STRINGS_H 1
#define HAVE_INTTYPES_H 1
#define HAVE_STDINT_H 1
#define HAVE_UNISTD_H 1
#define HAVE_DLFCN_H 1

configure: exit 0
